<?xml version="1.0" encoding="utf-8"?><testsuites name="pytest tests"><testsuite name="pytest" errors="0" failures="11" skipped="0" tests="284" time="1.690" timestamp="2026-04-05T08:27:53.302755+05:30" hostname="sudoss"><testcase classname="tests.test_environment.TestReset" name="test_returns_meta_observation" time="0.095" /><testcase classname="tests.test_environment.TestReset" name="test_returns_zero_score" time="0.001" /><testcase classname="tests.test_environment.TestReset" name="test_clears_episode_scores" time="0.001" /><testcase classname="tests.test_environment.TestReset" name="test_new_episode_id_each_reset" time="0.001" /><testcase classname="tests.test_environment.TestReset" name="test_step_count_zero_after_reset" time="0.001" /><testcase classname="tests.test_environment.TestReset" name="test_instructions_present" time="0.001" /><testcase classname="tests.test_environment.TestScoreRange" name="test_score_in_01[email_triage_easy]" time="0.001" /><testcase classname="tests.test_environment.TestScoreRange" name="test_score_in_01[email_triage_medium]" time="0.001" /><testcase classname="tests.test_environment.TestScoreRange" name="test_score_in_01[email_triage_hard]" time="0.001" /><testcase classname="tests.test_environment.TestScoreRange" name="test_score_in_01[email_triage_expert]" time="0.001" /><testcase classname="tests.test_environment.TestScoreRange" name="test_score_in_01[code_review_easy]" time="0.002" /><testcase classname="tests.test_environment.TestScoreRange" name="test_score_in_01[code_review_medium]" time="0.001" /><testcase classname="tests.test_environment.TestScoreRange" name="test_score_in_01[code_review_hard]" time="0.001" /><testcase classname="tests.test_environment.TestScoreRange" name="test_score_in_01[code_review_expert]" time="0.001" /><testcase classname="tests.test_environment.TestScoreRange" name="test_score_in_01[data_cleaning_easy]" time="0.001" /><testcase classname="tests.test_environment.TestScoreRange" name="test_score_in_01[data_cleaning_medium]" time="0.001" /><testcase classname="tests.test_environment.TestScoreRange" name="test_score_in_01[data_cleaning_hard]" time="0.001" /><testcase classname="tests.test_environment.TestScoreRange" name="test_score_in_01[data_cleaning_expert]" time="0.001" /><testcase classname="tests.test_environment.TestScoreRange" name="test_score_in_01[content_moderation_easy]" time="0.001" /><testcase classname="tests.test_environment.TestScoreRange" name="test_score_in_01[content_moderation_medium]" time="0.001" /><testcase classname="tests.test_environment.TestScoreRange" name="test_score_in_01[content_moderation_hard]" time="0.001" /><testcase classname="tests.test_environment.TestScoreRange" name="test_score_in_01[content_moderation_expert]" time="0.001" /><testcase classname="tests.test_environment.TestScoreRange" name="test_score_in_01[ticket_triage_easy]" time="0.001" /><testcase classname="tests.test_environment.TestScoreRange" name="test_score_in_01[ticket_triage_medium]" time="0.001" /><testcase classname="tests.test_environment.TestScoreRange" name="test_score_in_01[ticket_triage_hard]" time="0.001" /><testcase classname="tests.test_environment.TestScoreRange" name="test_score_in_01[ticket_triage_expert]" time="0.001" /><testcase classname="tests.test_environment.TestScoreRange" name="test_score_in_01[cross_agent_chain]" time="0.001" /><testcase classname="tests.test_environment.TestScoreRange" name="test_score_in_01[cross_agent_email_data]" time="0.001" /><testcase classname="tests.test_environment.TestScoreRange" name="test_score_in_01[cross_agent_code_email]" time="0.001" /><testcase classname="tests.test_environment.TestScoreRange" name="test_score_in_01[cross_agent_mod_escalation]" time="0.001" /><testcase classname="tests.test_environment.TestScoreRange" name="test_observation_type[email_triage_easy]" time="0.001" /><testcase classname="tests.test_environment.TestScoreRange" name="test_observation_type[email_triage_medium]" time="0.001" /><testcase classname="tests.test_environment.TestScoreRange" name="test_observation_type[email_triage_hard]" time="0.001" /><testcase classname="tests.test_environment.TestScoreRange" name="test_observation_type[email_triage_expert]" time="0.001" /><testcase classname="tests.test_environment.TestScoreRange" name="test_observation_type[code_review_easy]" time="0.001" /><testcase classname="tests.test_environment.TestScoreRange" name="test_observation_type[code_review_medium]" time="0.001" /><testcase classname="tests.test_environment.TestScoreRange" name="test_observation_type[code_review_hard]" time="0.001" /><testcase classname="tests.test_environment.TestScoreRange" name="test_observation_type[code_review_expert]" time="0.001" /><testcase classname="tests.test_environment.TestScoreRange" name="test_observation_type[data_cleaning_easy]" time="0.001" /><testcase classname="tests.test_environment.TestScoreRange" name="test_observation_type[data_cleaning_medium]" time="0.001" /><testcase classname="tests.test_environment.TestScoreRange" name="test_observation_type[data_cleaning_hard]" time="0.001" /><testcase classname="tests.test_environment.TestScoreRange" name="test_observation_type[data_cleaning_expert]" time="0.001" /><testcase classname="tests.test_environment.TestScoreRange" name="test_observation_type[content_moderation_easy]" time="0.001" /><testcase classname="tests.test_environment.TestScoreRange" name="test_observation_type[content_moderation_medium]" time="0.001" /><testcase classname="tests.test_environment.TestScoreRange" name="test_observation_type[content_moderation_hard]" time="0.001" /><testcase classname="tests.test_environment.TestScoreRange" name="test_observation_type[content_moderation_expert]" time="0.001" /><testcase classname="tests.test_environment.TestScoreRange" name="test_observation_type[ticket_triage_easy]" time="0.001" /><testcase classname="tests.test_environment.TestScoreRange" name="test_observation_type[ticket_triage_medium]" time="0.001" /><testcase classname="tests.test_environment.TestScoreRange" name="test_observation_type[ticket_triage_hard]" time="0.001" /><testcase classname="tests.test_environment.TestScoreRange" name="test_observation_type[ticket_triage_expert]" time="0.001" /><testcase classname="tests.test_environment.TestScoreRange" name="test_observation_type[cross_agent_chain]" time="0.001" /><testcase classname="tests.test_environment.TestScoreRange" name="test_observation_type[cross_agent_email_data]" time="0.001" /><testcase classname="tests.test_environment.TestScoreRange" name="test_observation_type[cross_agent_code_email]" time="0.001" /><testcase classname="tests.test_environment.TestScoreRange" name="test_observation_type[cross_agent_mod_escalation]" time="0.001" /><testcase classname="tests.test_environment.TestScoreRange" name="test_feedback_nonempty[email_triage_easy]" time="0.001" /><testcase classname="tests.test_environment.TestScoreRange" name="test_feedback_nonempty[email_triage_medium]" time="0.001" /><testcase classname="tests.test_environment.TestScoreRange" name="test_feedback_nonempty[email_triage_hard]" time="0.001" /><testcase classname="tests.test_environment.TestScoreRange" name="test_feedback_nonempty[email_triage_expert]" time="0.001" /><testcase classname="tests.test_environment.TestScoreRange" name="test_feedback_nonempty[code_review_easy]" time="0.001" /><testcase classname="tests.test_environment.TestScoreRange" name="test_feedback_nonempty[code_review_medium]" time="0.001" /><testcase classname="tests.test_environment.TestScoreRange" name="test_feedback_nonempty[code_review_hard]" time="0.001" /><testcase classname="tests.test_environment.TestScoreRange" name="test_feedback_nonempty[code_review_expert]" time="0.001" /><testcase classname="tests.test_environment.TestScoreRange" name="test_feedback_nonempty[data_cleaning_easy]" time="0.001" /><testcase classname="tests.test_environment.TestScoreRange" name="test_feedback_nonempty[data_cleaning_medium]" time="0.001" /><testcase classname="tests.test_environment.TestScoreRange" name="test_feedback_nonempty[data_cleaning_hard]" time="0.001" /><testcase classname="tests.test_environment.TestScoreRange" name="test_feedback_nonempty[data_cleaning_expert]" time="0.001" /><testcase classname="tests.test_environment.TestScoreRange" name="test_feedback_nonempty[content_moderation_easy]" time="0.001" /><testcase classname="tests.test_environment.TestScoreRange" name="test_feedback_nonempty[content_moderation_medium]" time="0.001" /><testcase classname="tests.test_environment.TestScoreRange" name="test_feedback_nonempty[content_moderation_hard]" time="0.001" /><testcase classname="tests.test_environment.TestScoreRange" name="test_feedback_nonempty[content_moderation_expert]" time="0.001" /><testcase classname="tests.test_environment.TestScoreRange" name="test_feedback_nonempty[ticket_triage_easy]" time="0.001" /><testcase classname="tests.test_environment.TestScoreRange" name="test_feedback_nonempty[ticket_triage_medium]" time="0.001" /><testcase classname="tests.test_environment.TestScoreRange" name="test_feedback_nonempty[ticket_triage_hard]" time="0.001" /><testcase classname="tests.test_environment.TestScoreRange" name="test_feedback_nonempty[ticket_triage_expert]" time="0.002" /><testcase classname="tests.test_environment.TestScoreRange" name="test_feedback_nonempty[cross_agent_chain]" time="0.001" /><testcase classname="tests.test_environment.TestScoreRange" name="test_feedback_nonempty[cross_agent_email_data]" time="0.001" /><testcase classname="tests.test_environment.TestScoreRange" name="test_feedback_nonempty[cross_agent_code_email]" time="0.001" /><testcase classname="tests.test_environment.TestScoreRange" name="test_feedback_nonempty[cross_agent_mod_escalation]" time="0.001" /><testcase classname="tests.test_environment.TestScoreRange" name="test_difficulty_valid[email_triage_easy]" time="0.001" /><testcase classname="tests.test_environment.TestScoreRange" name="test_difficulty_valid[email_triage_medium]" time="0.001" /><testcase classname="tests.test_environment.TestScoreRange" name="test_difficulty_valid[email_triage_hard]" time="0.001" /><testcase classname="tests.test_environment.TestScoreRange" name="test_difficulty_valid[email_triage_expert]" time="0.002" /><testcase classname="tests.test_environment.TestScoreRange" name="test_difficulty_valid[code_review_easy]" time="0.001" /><testcase classname="tests.test_environment.TestScoreRange" name="test_difficulty_valid[code_review_medium]" time="0.001" /><testcase classname="tests.test_environment.TestScoreRange" name="test_difficulty_valid[code_review_hard]" time="0.001" /><testcase classname="tests.test_environment.TestScoreRange" name="test_difficulty_valid[code_review_expert]" time="0.001" /><testcase classname="tests.test_environment.TestScoreRange" name="test_difficulty_valid[data_cleaning_easy]" time="0.001" /><testcase classname="tests.test_environment.TestScoreRange" name="test_difficulty_valid[data_cleaning_medium]" time="0.001" /><testcase classname="tests.test_environment.TestScoreRange" name="test_difficulty_valid[data_cleaning_hard]" time="0.001" /><testcase classname="tests.test_environment.TestScoreRange" name="test_difficulty_valid[data_cleaning_expert]" time="0.001" /><testcase classname="tests.test_environment.TestScoreRange" name="test_difficulty_valid[content_moderation_easy]" time="0.002" /><testcase classname="tests.test_environment.TestScoreRange" name="test_difficulty_valid[content_moderation_medium]" time="0.001" /><testcase classname="tests.test_environment.TestScoreRange" name="test_difficulty_valid[content_moderation_hard]" time="0.001" /><testcase classname="tests.test_environment.TestScoreRange" name="test_difficulty_valid[content_moderation_expert]" time="0.001" /><testcase classname="tests.test_environment.TestScoreRange" name="test_difficulty_valid[ticket_triage_easy]" time="0.001" /><testcase classname="tests.test_environment.TestScoreRange" name="test_difficulty_valid[ticket_triage_medium]" time="0.001" /><testcase classname="tests.test_environment.TestScoreRange" name="test_difficulty_valid[ticket_triage_hard]" time="0.002" /><testcase classname="tests.test_environment.TestScoreRange" name="test_difficulty_valid[ticket_triage_expert]" time="0.001" /><testcase classname="tests.test_environment.TestScoreRange" name="test_difficulty_valid[cross_agent_chain]" time="0.001" /><testcase classname="tests.test_environment.TestScoreRange" name="test_difficulty_valid[cross_agent_email_data]" time="0.001" /><testcase classname="tests.test_environment.TestScoreRange" name="test_difficulty_valid[cross_agent_code_email]" time="0.001" /><testcase classname="tests.test_environment.TestScoreRange" name="test_difficulty_valid[cross_agent_mod_escalation]" time="0.001" /><testcase classname="tests.test_environment.TestScoreRange" name="test_partial_credits_dict[email_triage_easy]" time="0.001" /><testcase classname="tests.test_environment.TestScoreRange" name="test_partial_credits_dict[email_triage_medium]" time="0.002" /><testcase classname="tests.test_environment.TestScoreRange" name="test_partial_credits_dict[email_triage_hard]" time="0.001" /><testcase classname="tests.test_environment.TestScoreRange" name="test_partial_credits_dict[email_triage_expert]" time="0.001" /><testcase classname="tests.test_environment.TestScoreRange" name="test_partial_credits_dict[code_review_easy]" time="0.001" /><testcase classname="tests.test_environment.TestScoreRange" name="test_partial_credits_dict[code_review_medium]" time="0.001" /><testcase classname="tests.test_environment.TestScoreRange" name="test_partial_credits_dict[code_review_hard]" time="0.001" /><testcase classname="tests.test_environment.TestScoreRange" name="test_partial_credits_dict[code_review_expert]" time="0.001" /><testcase classname="tests.test_environment.TestScoreRange" name="test_partial_credits_dict[data_cleaning_easy]" time="0.001" /><testcase classname="tests.test_environment.TestScoreRange" name="test_partial_credits_dict[data_cleaning_medium]" time="0.001" /><testcase classname="tests.test_environment.TestScoreRange" name="test_partial_credits_dict[data_cleaning_hard]" time="0.001" /><testcase classname="tests.test_environment.TestScoreRange" name="test_partial_credits_dict[data_cleaning_expert]" time="0.001" /><testcase classname="tests.test_environment.TestScoreRange" name="test_partial_credits_dict[content_moderation_easy]" time="0.001" /><testcase classname="tests.test_environment.TestScoreRange" name="test_partial_credits_dict[content_moderation_medium]" time="0.001" /><testcase classname="tests.test_environment.TestScoreRange" name="test_partial_credits_dict[content_moderation_hard]" time="0.001" /><testcase classname="tests.test_environment.TestScoreRange" name="test_partial_credits_dict[content_moderation_expert]" time="0.001" /><testcase classname="tests.test_environment.TestScoreRange" name="test_partial_credits_dict[ticket_triage_easy]" time="0.001" /><testcase classname="tests.test_environment.TestScoreRange" name="test_partial_credits_dict[ticket_triage_medium]" time="0.001" /><testcase classname="tests.test_environment.TestScoreRange" name="test_partial_credits_dict[ticket_triage_hard]" time="0.001" /><testcase classname="tests.test_environment.TestScoreRange" name="test_partial_credits_dict[ticket_triage_expert]" time="0.001" /><testcase classname="tests.test_environment.TestScoreRange" name="test_partial_credits_dict[cross_agent_chain]" time="0.001" /><testcase classname="tests.test_environment.TestScoreRange" name="test_partial_credits_dict[cross_agent_email_data]" time="0.001" /><testcase classname="tests.test_environment.TestScoreRange" name="test_partial_credits_dict[cross_agent_code_email]" time="0.001" /><testcase classname="tests.test_environment.TestScoreRange" name="test_partial_credits_dict[cross_agent_mod_escalation]" time="0.001" /><testcase classname="tests.test_environment.TestScoreRange" name="test_empty_payload_negative_reward" time="0.001" /><testcase classname="tests.test_environment.TestScoreRange" name="test_invalid_json_error_obs" time="0.001" /><testcase classname="tests.test_environment.TestScoreRange" name="test_unknown_task_zero_score" time="0.001" /><testcase classname="tests.test_environment.TestRewardClamping" name="test_reward_never_exceeds_1[email_triage_easy]" time="0.001" /><testcase classname="tests.test_environment.TestRewardClamping" name="test_reward_never_exceeds_1[email_triage_medium]" time="0.001" /><testcase classname="tests.test_environment.TestRewardClamping" name="test_reward_never_exceeds_1[email_triage_hard]" time="0.001" /><testcase classname="tests.test_environment.TestRewardClamping" name="test_reward_never_exceeds_1[email_triage_expert]" time="0.001" /><testcase classname="tests.test_environment.TestRewardClamping" name="test_reward_never_exceeds_1[code_review_easy]" time="0.001" /><testcase classname="tests.test_environment.TestRewardClamping" name="test_reward_never_exceeds_1[code_review_medium]" time="0.001" /><testcase classname="tests.test_environment.TestRewardClamping" name="test_reward_never_exceeds_1[code_review_hard]" time="0.001" /><testcase classname="tests.test_environment.TestRewardClamping" name="test_reward_never_exceeds_1[code_review_expert]" time="0.001" /><testcase classname="tests.test_environment.TestRewardClamping" name="test_reward_never_exceeds_1[data_cleaning_easy]" time="0.001" /><testcase classname="tests.test_environment.TestRewardClamping" name="test_reward_never_exceeds_1[data_cleaning_medium]" time="0.001" /><testcase classname="tests.test_environment.TestRewardClamping" name="test_reward_never_exceeds_1[data_cleaning_hard]" time="0.001" /><testcase classname="tests.test_environment.TestRewardClamping" name="test_reward_never_exceeds_1[data_cleaning_expert]" time="0.002" /><testcase classname="tests.test_environment.TestRewardClamping" name="test_reward_never_exceeds_1[content_moderation_easy]" time="0.001" /><testcase classname="tests.test_environment.TestRewardClamping" name="test_reward_never_exceeds_1[content_moderation_medium]" time="0.001" /><testcase classname="tests.test_environment.TestRewardClamping" name="test_reward_never_exceeds_1[content_moderation_hard]" time="0.001" /><testcase classname="tests.test_environment.TestRewardClamping" name="test_reward_never_exceeds_1[content_moderation_expert]" time="0.001" /><testcase classname="tests.test_environment.TestRewardClamping" name="test_reward_never_exceeds_1[ticket_triage_easy]" time="0.001" /><testcase classname="tests.test_environment.TestRewardClamping" name="test_reward_never_exceeds_1[ticket_triage_medium]" time="0.001" /><testcase classname="tests.test_environment.TestRewardClamping" name="test_reward_never_exceeds_1[ticket_triage_hard]" time="0.001" /><testcase classname="tests.test_environment.TestRewardClamping" name="test_reward_never_exceeds_1[ticket_triage_expert]" time="0.001" /><testcase classname="tests.test_environment.TestRewardClamping" name="test_reward_never_exceeds_1[cross_agent_chain]" time="0.001" /><testcase classname="tests.test_environment.TestRewardClamping" name="test_reward_never_exceeds_1[cross_agent_email_data]" time="0.001" /><testcase classname="tests.test_environment.TestRewardClamping" name="test_reward_never_exceeds_1[cross_agent_code_email]" time="0.001" /><testcase classname="tests.test_environment.TestRewardClamping" name="test_reward_never_exceeds_1[cross_agent_mod_escalation]" time="0.001" /><testcase classname="tests.test_environment.TestRewardClamping" name="test_reward_never_below_0[email_triage_easy]" time="0.001" /><testcase classname="tests.test_environment.TestRewardClamping" name="test_reward_never_below_0[email_triage_medium]" time="0.001" /><testcase classname="tests.test_environment.TestRewardClamping" name="test_reward_never_below_0[email_triage_hard]" time="0.001" /><testcase classname="tests.test_environment.TestRewardClamping" name="test_reward_never_below_0[email_triage_expert]" time="0.001" /><testcase classname="tests.test_environment.TestRewardClamping" name="test_reward_never_below_0[code_review_easy]" time="0.001" /><testcase classname="tests.test_environment.TestRewardClamping" name="test_reward_never_below_0[code_review_medium]" time="0.001" /><testcase classname="tests.test_environment.TestRewardClamping" name="test_reward_never_below_0[code_review_hard]" time="0.001" /><testcase classname="tests.test_environment.TestRewardClamping" name="test_reward_never_below_0[code_review_expert]" time="0.001" /><testcase classname="tests.test_environment.TestRewardClamping" name="test_reward_never_below_0[data_cleaning_easy]" time="0.001" /><testcase classname="tests.test_environment.TestRewardClamping" name="test_reward_never_below_0[data_cleaning_medium]" time="0.001" /><testcase classname="tests.test_environment.TestRewardClamping" name="test_reward_never_below_0[data_cleaning_hard]" time="0.001" /><testcase classname="tests.test_environment.TestRewardClamping" name="test_reward_never_below_0[data_cleaning_expert]" time="0.001" /><testcase classname="tests.test_environment.TestRewardClamping" name="test_reward_never_below_0[content_moderation_easy]" time="0.001" /><testcase classname="tests.test_environment.TestRewardClamping" name="test_reward_never_below_0[content_moderation_medium]" time="0.001" /><testcase classname="tests.test_environment.TestRewardClamping" name="test_reward_never_below_0[content_moderation_hard]" time="0.001" /><testcase classname="tests.test_environment.TestRewardClamping" name="test_reward_never_below_0[content_moderation_expert]" time="0.001" /><testcase classname="tests.test_environment.TestRewardClamping" name="test_reward_never_below_0[ticket_triage_easy]" time="0.001" /><testcase classname="tests.test_environment.TestRewardClamping" name="test_reward_never_below_0[ticket_triage_medium]" time="0.001" /><testcase classname="tests.test_environment.TestRewardClamping" name="test_reward_never_below_0[ticket_triage_hard]" time="0.001" /><testcase classname="tests.test_environment.TestRewardClamping" name="test_reward_never_below_0[ticket_triage_expert]" time="0.001" /><testcase classname="tests.test_environment.TestRewardClamping" name="test_reward_never_below_0[cross_agent_chain]" time="0.001" /><testcase classname="tests.test_environment.TestRewardClamping" name="test_reward_never_below_0[cross_agent_email_data]" time="0.001" /><testcase classname="tests.test_environment.TestRewardClamping" name="test_reward_never_below_0[cross_agent_code_email]" time="0.001" /><testcase classname="tests.test_environment.TestRewardClamping" name="test_reward_never_below_0[cross_agent_mod_escalation]" time="0.001" /><testcase classname="tests.test_environment.TestRewardClamping" name="test_perfect_score_reward_clamped" time="0.002"><failure message="assert 0.5 == 1.0&#10; +  where 0.5 = MetaObservation(done=False, reward=0.25, metadata={'step': 1, 'attempt': 1, 'episode_avg_score': 0.0}, agent='email_tr...rect', 'full_order']&quot;, score=0.5, partial_credits={'top2_critical': False, 'top5_correct': False, 'full_order': False}).score">self = &lt;Meta.tests.test_environment.TestRewardClamping object at 0x00000248071830C0&gt;

    def test_perfect_score_reward_clamped(self):
        """Speed bonus on perfect score should not push reward above 1.0."""
        e = MetaEnvironment()
        e.reset()
        obs = e.step(make_action("email_triage_medium", CORRECT_PAYLOADS["email_triage_medium"]))
&gt;       assert obs.score == 1.0
E       assert 0.5 == 1.0
E        +  where 0.5 = MetaObservation(done=False, reward=0.25, metadata={'step': 1, 'attempt': 1, 'episode_avg_score': 0.0}, agent='email_tr...rect', 'full_order']", score=0.5, partial_credits={'top2_critical': False, 'top5_correct': False, 'full_order': False}).score

tests\test_environment.py:424: AssertionError</failure></testcase><testcase classname="tests.test_environment.TestRewardClamping" name="test_compute_reward_directly" time="0.001" /><testcase classname="tests.test_environment.TestExpertTasks" name="test_email_expert_context_loads" time="0.001" /><testcase classname="tests.test_environment.TestExpertTasks" name="test_email_expert_perfect_score" time="0.001" /><testcase classname="tests.test_environment.TestExpertTasks" name="test_code_expert_context_loads" time="0.001" /><testcase classname="tests.test_environment.TestExpertTasks" name="test_code_expert_perfect_score" time="0.001" /><testcase classname="tests.test_environment.TestExpertTasks" name="test_data_expert_context_loads" time="0.001" /><testcase classname="tests.test_environment.TestExpertTasks" name="test_data_expert_perfect_score" time="0.001" /><testcase classname="tests.test_environment.TestExpertTasks" name="test_data_expert_revenue_tolerance" time="0.001" /><testcase classname="tests.test_environment.TestExpertTasks" name="test_data_expert_revenue_string_accepted" time="0.001" /><testcase classname="tests.test_environment.TestExpertTasks" name="test_content_mod_expert_context_loads" time="0.001" /><testcase classname="tests.test_environment.TestExpertTasks" name="test_content_mod_expert_perfect_score" time="0.001" /><testcase classname="tests.test_environment.TestExpertTasks" name="test_ticket_expert_context_loads" time="0.001" /><testcase classname="tests.test_environment.TestExpertTasks" name="test_ticket_expert_perfect_score" time="0.001" /><testcase classname="tests.test_environment.TestExpertTasks" name="test_expert_score_in_range" time="0.001" /><testcase classname="tests.test_environment.TestContextLoading" name="test_probe_nonempty_context[email_triage_easy]" time="0.001" /><testcase classname="tests.test_environment.TestContextLoading" name="test_probe_nonempty_context[email_triage_medium]" time="0.001" /><testcase classname="tests.test_environment.TestContextLoading" name="test_probe_nonempty_context[email_triage_hard]" time="0.001" /><testcase classname="tests.test_environment.TestContextLoading" name="test_probe_nonempty_context[email_triage_expert]" time="0.001" /><testcase classname="tests.test_environment.TestContextLoading" name="test_probe_nonempty_context[code_review_easy]" time="0.001" /><testcase classname="tests.test_environment.TestContextLoading" name="test_probe_nonempty_context[code_review_medium]" time="0.001" /><testcase classname="tests.test_environment.TestContextLoading" name="test_probe_nonempty_context[code_review_hard]" time="0.001" /><testcase classname="tests.test_environment.TestContextLoading" name="test_probe_nonempty_context[code_review_expert]" time="0.001" /><testcase classname="tests.test_environment.TestContextLoading" name="test_probe_nonempty_context[data_cleaning_easy]" time="0.001" /><testcase classname="tests.test_environment.TestContextLoading" name="test_probe_nonempty_context[data_cleaning_medium]" time="0.001" /><testcase classname="tests.test_environment.TestContextLoading" name="test_probe_nonempty_context[data_cleaning_hard]" time="0.001" /><testcase classname="tests.test_environment.TestContextLoading" name="test_probe_nonempty_context[data_cleaning_expert]" time="0.001" /><testcase classname="tests.test_environment.TestContextLoading" name="test_probe_nonempty_context[content_moderation_easy]" time="0.001" /><testcase classname="tests.test_environment.TestContextLoading" name="test_probe_nonempty_context[content_moderation_medium]" time="0.001" /><testcase classname="tests.test_environment.TestContextLoading" name="test_probe_nonempty_context[content_moderation_hard]" time="0.001" /><testcase classname="tests.test_environment.TestContextLoading" name="test_probe_nonempty_context[content_moderation_expert]" time="0.001" /><testcase classname="tests.test_environment.TestContextLoading" name="test_probe_nonempty_context[ticket_triage_easy]" time="0.001" /><testcase classname="tests.test_environment.TestContextLoading" name="test_probe_nonempty_context[ticket_triage_medium]" time="0.001" /><testcase classname="tests.test_environment.TestContextLoading" name="test_probe_nonempty_context[ticket_triage_hard]" time="0.001" /><testcase classname="tests.test_environment.TestContextLoading" name="test_probe_nonempty_context[ticket_triage_expert]" time="0.001" /><testcase classname="tests.test_environment.TestContextLoading" name="test_probe_nonempty_context[cross_agent_chain]" time="0.001" /><testcase classname="tests.test_environment.TestContextLoading" name="test_probe_nonempty_context[cross_agent_email_data]" time="0.001" /><testcase classname="tests.test_environment.TestContextLoading" name="test_probe_nonempty_context[cross_agent_code_email]" time="0.001" /><testcase classname="tests.test_environment.TestContextLoading" name="test_probe_nonempty_context[cross_agent_mod_escalation]" time="0.001" /><testcase classname="tests.test_environment.TestContextLoading" name="test_task_id_echoed[email_triage_easy]" time="0.001" /><testcase classname="tests.test_environment.TestContextLoading" name="test_task_id_echoed[email_triage_medium]" time="0.001" /><testcase classname="tests.test_environment.TestContextLoading" name="test_task_id_echoed[email_triage_hard]" time="0.001" /><testcase classname="tests.test_environment.TestContextLoading" name="test_task_id_echoed[email_triage_expert]" time="0.001" /><testcase classname="tests.test_environment.TestContextLoading" name="test_task_id_echoed[code_review_easy]" time="0.001" /><testcase classname="tests.test_environment.TestContextLoading" name="test_task_id_echoed[code_review_medium]" time="0.001" /><testcase classname="tests.test_environment.TestContextLoading" name="test_task_id_echoed[code_review_hard]" time="0.001" /><testcase classname="tests.test_environment.TestContextLoading" name="test_task_id_echoed[code_review_expert]" time="0.001" /><testcase classname="tests.test_environment.TestContextLoading" name="test_task_id_echoed[data_cleaning_easy]" time="0.001" /><testcase classname="tests.test_environment.TestContextLoading" name="test_task_id_echoed[data_cleaning_medium]" time="0.001" /><testcase classname="tests.test_environment.TestContextLoading" name="test_task_id_echoed[data_cleaning_hard]" time="0.001" /><testcase classname="tests.test_environment.TestContextLoading" name="test_task_id_echoed[data_cleaning_expert]" time="0.001" /><testcase classname="tests.test_environment.TestContextLoading" name="test_task_id_echoed[content_moderation_easy]" time="0.001" /><testcase classname="tests.test_environment.TestContextLoading" name="test_task_id_echoed[content_moderation_medium]" time="0.001" /><testcase classname="tests.test_environment.TestContextLoading" name="test_task_id_echoed[content_moderation_hard]" time="0.001" /><testcase classname="tests.test_environment.TestContextLoading" name="test_task_id_echoed[content_moderation_expert]" time="0.001" /><testcase classname="tests.test_environment.TestContextLoading" name="test_task_id_echoed[ticket_triage_easy]" time="0.001" /><testcase classname="tests.test_environment.TestContextLoading" name="test_task_id_echoed[ticket_triage_medium]" time="0.001" /><testcase classname="tests.test_environment.TestContextLoading" name="test_task_id_echoed[ticket_triage_hard]" time="0.001" /><testcase classname="tests.test_environment.TestContextLoading" name="test_task_id_echoed[ticket_triage_expert]" time="0.001" /><testcase classname="tests.test_environment.TestContextLoading" name="test_task_id_echoed[cross_agent_chain]" time="0.001" /><testcase classname="tests.test_environment.TestContextLoading" name="test_task_id_echoed[cross_agent_email_data]" time="0.001" /><testcase classname="tests.test_environment.TestContextLoading" name="test_task_id_echoed[cross_agent_code_email]" time="0.001" /><testcase classname="tests.test_environment.TestContextLoading" name="test_task_id_echoed[cross_agent_mod_escalation]" time="0.001" /><testcase classname="tests.test_environment.TestContextLoading" name="test_deterministic_context_same_episode" time="0.001" /><testcase classname="tests.test_environment.TestDeterminism" name="test_same_score_3x[email_triage_medium]" time="0.001" /><testcase classname="tests.test_environment.TestDeterminism" name="test_same_score_3x[code_review_easy]" time="0.001" /><testcase classname="tests.test_environment.TestDeterminism" name="test_same_score_3x[code_review_medium]" time="0.002" /><testcase classname="tests.test_environment.TestDeterminism" name="test_same_score_3x[code_review_hard]" time="0.001" /><testcase classname="tests.test_environment.TestDeterminism" name="test_same_score_3x[data_cleaning_easy]" time="0.002"><failure message="assert 0.17 == 0.0">self = &lt;Meta.tests.test_environment.TestDeterminism object at 0x0000024807540950&gt;
task_id = 'data_cleaning_easy'

    @pytest.mark.parametrize("task_id", DETERMINISTIC_TASK_IDS)
    def test_same_score_3x(self, task_id):
        scores = []
        for _ in range(3):
            e = MetaEnvironment()
            e.reset()
            obs = e.step(make_action(task_id, CORRECT_PAYLOADS[task_id]))
            scores.append(obs.score)
&gt;       assert scores[0] == scores[1] == scores[2]
E       assert 0.17 == 0.0

tests\test_environment.py:585: AssertionError</failure></testcase><testcase classname="tests.test_environment.TestDeterminism" name="test_same_score_3x[data_cleaning_medium]" time="0.001" /><testcase classname="tests.test_environment.TestDeterminism" name="test_same_score_3x[data_cleaning_hard]" time="0.002"><failure message="assert 0.33 == 0.0">self = &lt;Meta.tests.test_environment.TestDeterminism object at 0x0000024807139F20&gt;
task_id = 'data_cleaning_hard'

    @pytest.mark.parametrize("task_id", DETERMINISTIC_TASK_IDS)
    def test_same_score_3x(self, task_id):
        scores = []
        for _ in range(3):
            e = MetaEnvironment()
            e.reset()
            obs = e.step(make_action(task_id, CORRECT_PAYLOADS[task_id]))
            scores.append(obs.score)
&gt;       assert scores[0] == scores[1] == scores[2]
E       assert 0.33 == 0.0

tests\test_environment.py:585: AssertionError</failure></testcase><testcase classname="tests.test_environment.TestDeterminism" name="test_same_score_3x[content_moderation_easy]" time="0.002"><failure message="assert 0.43 == 0.71">self = &lt;Meta.tests.test_environment.TestDeterminism object at 0x000002480715D250&gt;
task_id = 'content_moderation_easy'

    @pytest.mark.parametrize("task_id", DETERMINISTIC_TASK_IDS)
    def test_same_score_3x(self, task_id):
        scores = []
        for _ in range(3):
            e = MetaEnvironment()
            e.reset()
            obs = e.step(make_action(task_id, CORRECT_PAYLOADS[task_id]))
            scores.append(obs.score)
&gt;       assert scores[0] == scores[1] == scores[2]
E       assert 0.43 == 0.71

tests\test_environment.py:585: AssertionError</failure></testcase><testcase classname="tests.test_environment.TestDeterminism" name="test_same_score_3x[content_moderation_medium]" time="0.002" /><testcase classname="tests.test_environment.TestDeterminism" name="test_same_score_3x[content_moderation_hard]" time="0.001" /><testcase classname="tests.test_environment.TestDeterminism" name="test_same_score_3x[ticket_triage_medium]" time="0.001" /><testcase classname="tests.test_environment.TestDeterminism" name="test_same_score_3x[ticket_triage_hard]" time="0.001" /><testcase classname="tests.test_environment.TestDeterminism" name="test_same_score_3x[cross_agent_email_data]" time="0.001" /><testcase classname="tests.test_environment.TestDeterminism" name="test_same_score_3x[cross_agent_code_email]" time="0.001" /><testcase classname="tests.test_environment.TestDeterminism" name="test_same_partial_credits_3x[email_triage_medium]" time="0.002" /><testcase classname="tests.test_environment.TestDeterminism" name="test_same_partial_credits_3x[code_review_easy]" time="0.001" /><testcase classname="tests.test_environment.TestDeterminism" name="test_same_partial_credits_3x[code_review_medium]" time="0.001" /><testcase classname="tests.test_environment.TestDeterminism" name="test_same_partial_credits_3x[code_review_hard]" time="0.001" /><testcase classname="tests.test_environment.TestDeterminism" name="test_same_partial_credits_3x[data_cleaning_easy]" time="0.043"><failure message="AssertionError: assert {'age_row3': ...': False, ...} == {'age_row9': ...': False, ...}&#10;  &#10;  Omitting 1 identical items, use -vv to show&#10;  Left contains 4 more items:&#10;  #x1B[0m{#x1B[33m'#x1B[39;49;00m#x1B[33mage_row3#x1B[39;49;00m#x1B[33m'#x1B[39;49;00m: #x1B[94mFalse#x1B[39;49;00m,#x1B[90m#x1B[39;49;00m&#10;   #x1B[33m'#x1B[39;49;00m#x1B[33memail_row4#x1B[39;49;00m#x1B[33m'#x1B[39;49;00m: #x1B[94mFalse#x1B[39;49;00m,#x1B[90m#x1B[39;49;00m&#10;   #x1B[33m'#x1B[39;49;00m#x1B[33mname_row6#x1B[39;49;00m#x1B[33m'#x1B[39;49;00m: #x1B[94mFalse#x1B[39;49;00m,#x1B[90m#x1B[39;49;00m&#10;   #x1B[33m'#x1B[39;49;00m#x1B[33msalary_row2#x1B[39;49;00m#x1B[33m'#x1B[39;49;00m: #x1B[94mFalse#x1B[39;49;00m}#x1B[90m#x1B[39;49;00m...&#10;  &#10;  ...Full output truncated (6 lines hidden), use '-vv' to show">self = &lt;Meta.tests.test_environment.TestDeterminism object at 0x000002480716B610&gt;
task_id = 'data_cleaning_easy'

    @pytest.mark.parametrize("task_id", DETERMINISTIC_TASK_IDS)
    def test_same_partial_credits_3x(self, task_id):
        partials = []
        for _ in range(3):
            e = MetaEnvironment()
            e.reset()
            obs = e.step(make_action(task_id, CORRECT_PAYLOADS[task_id]))
            partials.append(obs.partial_credits)
&gt;       assert partials[0] == partials[1] == partials[2]
E       AssertionError: assert {'age_row3': ...': False, ...} == {'age_row9': ...': False, ...}
E         
E         Omitting 1 identical items, use -vv to show
E         Left contains 4 more items:
E         #x1B[0m{#x1B[33m'#x1B[39;49;00m#x1B[33mage_row3#x1B[39;49;00m#x1B[33m'#x1B[39;49;00m: #x1B[94mFalse#x1B[39;49;00m,#x1B[90m#x1B[39;49;00m
E          #x1B[33m'#x1B[39;49;00m#x1B[33memail_row4#x1B[39;49;00m#x1B[33m'#x1B[39;49;00m: #x1B[94mFalse#x1B[39;49;00m,#x1B[90m#x1B[39;49;00m
E          #x1B[33m'#x1B[39;49;00m#x1B[33mname_row6#x1B[39;49;00m#x1B[33m'#x1B[39;49;00m: #x1B[94mFalse#x1B[39;49;00m,#x1B[90m#x1B[39;49;00m
E          #x1B[33m'#x1B[39;49;00m#x1B[33msalary_row2#x1B[39;49;00m#x1B[33m'#x1B[39;49;00m: #x1B[94mFalse#x1B[39;49;00m}#x1B[90m#x1B[39;49;00m...
E         
E         ...Full output truncated (6 lines hidden), use '-vv' to show

tests\test_environment.py:595: AssertionError</failure></testcase><testcase classname="tests.test_environment.TestDeterminism" name="test_same_partial_credits_3x[data_cleaning_medium]" time="0.002" /><testcase classname="tests.test_environment.TestDeterminism" name="test_same_partial_credits_3x[data_cleaning_hard]" time="0.002"><failure message="AssertionError: assert {'imputation_...rrect': False} == {'imputation_...orrect': True}&#10;  &#10;  Omitting 2 identical items, use -vv to show&#10;  Differing items:&#10;  #x1B[0m{#x1B[33m'#x1B[39;49;00m#x1B[33moutliers_correct#x1B[39;49;00m#x1B[33m'#x1B[39;49;00m: #x1B[94mFalse#x1B[39;49;00m}#x1B[90m#x1B[39;49;00m != #x1B[0m{#x1B[33m'#x1B[39;49;00m#x1B[33moutliers_correct#x1B[39;49;00m#x1B[33m'#x1B[39;49;00m: #x1B[94mTrue#x1B[39;49;00m}#x1B[90m#x1B[39;49;00m&#10;  Use -v to get more diff">self = &lt;Meta.tests.test_environment.TestDeterminism object at 0x0000024807530E60&gt;
task_id = 'data_cleaning_hard'

    @pytest.mark.parametrize("task_id", DETERMINISTIC_TASK_IDS)
    def test_same_partial_credits_3x(self, task_id):
        partials = []
        for _ in range(3):
            e = MetaEnvironment()
            e.reset()
            obs = e.step(make_action(task_id, CORRECT_PAYLOADS[task_id]))
            partials.append(obs.partial_credits)
&gt;       assert partials[0] == partials[1] == partials[2]
E       AssertionError: assert {'imputation_...rrect': False} == {'imputation_...orrect': True}
E         
E         Omitting 2 identical items, use -vv to show
E         Differing items:
E         #x1B[0m{#x1B[33m'#x1B[39;49;00m#x1B[33moutliers_correct#x1B[39;49;00m#x1B[33m'#x1B[39;49;00m: #x1B[94mFalse#x1B[39;49;00m}#x1B[90m#x1B[39;49;00m != #x1B[0m{#x1B[33m'#x1B[39;49;00m#x1B[33moutliers_correct#x1B[39;49;00m#x1B[33m'#x1B[39;49;00m: #x1B[94mTrue#x1B[39;49;00m}#x1B[90m#x1B[39;49;00m
E         Use -v to get more diff

tests\test_environment.py:595: AssertionError</failure></testcase><testcase classname="tests.test_environment.TestDeterminism" name="test_same_partial_credits_3x[content_moderation_easy]" time="0.003"><failure message="AssertionError: assert {'c1': False,...': False, ...} == {'c1': False,...': False, ...}&#10;  &#10;  Omitting 5 identical items, use -vv to show&#10;  Differing items:&#10;  #x1B[0m{#x1B[33m'#x1B[39;49;00m#x1B[33mc6#x1B[39;49;00m#x1B[33m'#x1B[39;49;00m: #x1B[94mFalse#x1B[39;49;00m}#x1B[90m#x1B[39;49;00m != #x1B[0m{#x1B[33m'#x1B[39;49;00m#x1B[33mc6#x1B[39;49;00m#x1B[33m'#x1B[39;49;00m: #x1B[94mTrue#x1B[39;49;00m}#x1B[90m#x1B[39;49;00m&#10;  #x1B[0m{#x1B[33m'#x1B[39;49;00m#x1B[33mc2#x1B[39;49;00m#x1B[33m'#x1B[39;49;00m: #x1B[94mTrue#x1B[39;49;00m}#x1B[90m#x1B[39;49;00m != #x1B[0m{#x1B[33m'#x1B[39;49;00m#x1B[33mc2#x1B[39;49;00m#x1B[33m'#x1B[39;49;00m: #x1B[94mFalse#x1B[39;49;00m}#x1B[90m#x1B[39;49;00m&#10;  Use -v to get more diff">self = &lt;Meta.tests.test_environment.TestDeterminism object at 0x00000248075518D0&gt;
task_id = 'content_moderation_easy'

    @pytest.mark.parametrize("task_id", DETERMINISTIC_TASK_IDS)
    def test_same_partial_credits_3x(self, task_id):
        partials = []
        for _ in range(3):
            e = MetaEnvironment()
            e.reset()
            obs = e.step(make_action(task_id, CORRECT_PAYLOADS[task_id]))
            partials.append(obs.partial_credits)
&gt;       assert partials[0] == partials[1] == partials[2]
E       AssertionError: assert {'c1': False,...': False, ...} == {'c1': False,...': False, ...}
E         
E         Omitting 5 identical items, use -vv to show
E         Differing items:
E         #x1B[0m{#x1B[33m'#x1B[39;49;00m#x1B[33mc6#x1B[39;49;00m#x1B[33m'#x1B[39;49;00m: #x1B[94mFalse#x1B[39;49;00m}#x1B[90m#x1B[39;49;00m != #x1B[0m{#x1B[33m'#x1B[39;49;00m#x1B[33mc6#x1B[39;49;00m#x1B[33m'#x1B[39;49;00m: #x1B[94mTrue#x1B[39;49;00m}#x1B[90m#x1B[39;49;00m
E         #x1B[0m{#x1B[33m'#x1B[39;49;00m#x1B[33mc2#x1B[39;49;00m#x1B[33m'#x1B[39;49;00m: #x1B[94mTrue#x1B[39;49;00m}#x1B[90m#x1B[39;49;00m != #x1B[0m{#x1B[33m'#x1B[39;49;00m#x1B[33mc2#x1B[39;49;00m#x1B[33m'#x1B[39;49;00m: #x1B[94mFalse#x1B[39;49;00m}#x1B[90m#x1B[39;49;00m
E         Use -v to get more diff

tests\test_environment.py:595: AssertionError</failure></testcase><testcase classname="tests.test_environment.TestDeterminism" name="test_same_partial_credits_3x[content_moderation_medium]" time="0.002"><failure message="AssertionError: assert {'m1': True, ...': False, ...} == {'m1': True, ...': False, ...}&#10;  &#10;  Omitting 6 identical items, use -vv to show&#10;  Differing items:&#10;  #x1B[0m{#x1B[33m'#x1B[39;49;00m#x1B[33mm8#x1B[39;49;00m#x1B[33m'#x1B[39;49;00m: #x1B[94mTrue#x1B[39;49;00m}#x1B[90m#x1B[39;49;00m != #x1B[0m{#x1B[33m'#x1B[39;49;00m#x1B[33mm8#x1B[39;49;00m#x1B[33m'#x1B[39;49;00m: #x1B[94mFalse#x1B[39;49;00m}#x1B[90m#x1B[39;49;00m&#10;  #x1B[0m{#x1B[33m'#x1B[39;49;00m#x1B[33mm7#x1B[39;49;00m#x1B[33m'#x1B[39;49;00m: #x1B[94mTrue#x1B[39;49;00m}#x1B[90m#x1B[39;49;00m != #x1B[0m{#x1B[33m'#x1B[39;49;00m#x1B[33mm7#x1B[39;49;00m#x1B[33m'#x1B[39;49;00m: #x1B[94mFalse#x1B[39;49;00m}#x1B[90m#x1B[39;49;00m&#10;  Use -v to get more diff">self = &lt;Meta.tests.test_environment.TestDeterminism object at 0x0000024807551A50&gt;
task_id = 'content_moderation_medium'

    @pytest.mark.parametrize("task_id", DETERMINISTIC_TASK_IDS)
    def test_same_partial_credits_3x(self, task_id):
        partials = []
        for _ in range(3):
            e = MetaEnvironment()
            e.reset()
            obs = e.step(make_action(task_id, CORRECT_PAYLOADS[task_id]))
            partials.append(obs.partial_credits)
&gt;       assert partials[0] == partials[1] == partials[2]
E       AssertionError: assert {'m1': True, ...': False, ...} == {'m1': True, ...': False, ...}
E         
E         Omitting 6 identical items, use -vv to show
E         Differing items:
E         #x1B[0m{#x1B[33m'#x1B[39;49;00m#x1B[33mm8#x1B[39;49;00m#x1B[33m'#x1B[39;49;00m: #x1B[94mTrue#x1B[39;49;00m}#x1B[90m#x1B[39;49;00m != #x1B[0m{#x1B[33m'#x1B[39;49;00m#x1B[33mm8#x1B[39;49;00m#x1B[33m'#x1B[39;49;00m: #x1B[94mFalse#x1B[39;49;00m}#x1B[90m#x1B[39;49;00m
E         #x1B[0m{#x1B[33m'#x1B[39;49;00m#x1B[33mm7#x1B[39;49;00m#x1B[33m'#x1B[39;49;00m: #x1B[94mTrue#x1B[39;49;00m}#x1B[90m#x1B[39;49;00m != #x1B[0m{#x1B[33m'#x1B[39;49;00m#x1B[33mm7#x1B[39;49;00m#x1B[33m'#x1B[39;49;00m: #x1B[94mFalse#x1B[39;49;00m}#x1B[90m#x1B[39;49;00m
E         Use -v to get more diff

tests\test_environment.py:595: AssertionError</failure></testcase><testcase classname="tests.test_environment.TestDeterminism" name="test_same_partial_credits_3x[content_moderation_hard]" time="0.001" /><testcase classname="tests.test_environment.TestDeterminism" name="test_same_partial_credits_3x[ticket_triage_medium]" time="0.001" /><testcase classname="tests.test_environment.TestDeterminism" name="test_same_partial_credits_3x[ticket_triage_hard]" time="0.001" /><testcase classname="tests.test_environment.TestDeterminism" name="test_same_partial_credits_3x[cross_agent_email_data]" time="0.001" /><testcase classname="tests.test_environment.TestDeterminism" name="test_same_partial_credits_3x[cross_agent_code_email]" time="0.001" /><testcase classname="tests.test_environment.TestGraderQuality" name="test_email_easy_perfect_on_correct_label" time="0.001" /><testcase classname="tests.test_environment.TestGraderQuality" name="test_email_easy_zero_on_wrong_label" time="0.001" /><testcase classname="tests.test_environment.TestGraderQuality" name="test_email_medium_perfect_order" time="0.001"><failure message="assert 0.5 == 1.0&#10; +  where 0.5 = MetaObservation(done=False, reward=0.25, metadata={'step': 1, 'attempt': 1, 'episode_avg_score': 0.0}, agent='email_tr...rect', 'full_order']&quot;, score=0.5, partial_credits={'top2_critical': False, 'top5_correct': False, 'full_order': False}).score">self = &lt;Meta.tests.test_environment.TestGraderQuality object at 0x000002480714D6E0&gt;

    def test_email_medium_perfect_order(self):
        e = MetaEnvironment()
        e.reset()
        obs = e.step(make_action("email_triage_medium", CORRECT_PAYLOADS["email_triage_medium"]))
&gt;       assert obs.score == 1.0
E       assert 0.5 == 1.0
E        +  where 0.5 = MetaObservation(done=False, reward=0.25, metadata={'step': 1, 'attempt': 1, 'episode_avg_score': 0.0}, agent='email_tr...rect', 'full_order']", score=0.5, partial_credits={'top2_critical': False, 'top5_correct': False, 'full_order': False}).score

tests\test_environment.py:628: AssertionError</failure></testcase><testcase classname="tests.test_environment.TestGraderQuality" name="test_code_hard_perfect_score" time="0.001" /><testcase classname="tests.test_environment.TestGraderQuality" name="test_code_hard_partial_credit_5_of_8" time="0.001" /><testcase classname="tests.test_environment.TestGraderQuality" name="test_content_mod_hard_perfect" time="0.001" /><testcase classname="tests.test_environment.TestGraderQuality" name="test_content_mod_hard_adversarial_cases" time="0.001" /><testcase classname="tests.test_environment.TestGraderQuality" name="test_ticket_triage_medium_tk2_frontend" time="0.001" /><testcase classname="tests.test_environment.TestGraderQuality" name="test_ticket_triage_hard_partial_credit" time="0.001" /><testcase classname="tests.test_environment.TestGraderQuality" name="test_partial_credit_for_partial_bugs" time="0.001" /><testcase classname="tests.test_environment.TestGraderQuality" name="test_data_hard_outlier_credit" time="0.002"><failure message="assert False is True&#10; +  where False = &lt;built-in method get of dict object at 0x000002480794EA00&gt;('outliers_correct')&#10; +    where &lt;built-in method get of dict object at 0x000002480794EA00&gt; = {'imputation_valid': True, 'missing_correct': False, 'outliers_correct': False}.get&#10; +      where {'imputation_valid': True, 'missing_correct': False, 'outliers_correct': False} = MetaObservation(done=False, reward=0.165, metadata={'step': 1, 'attempt': 1, 'episode_avg_score': 0.0}, agent='data_cl...orrect']&quot;, score=0.33, partial_credits={'outliers_correct': False, 'missing_correct': False, 'imputation_valid': True}).partial_credits">self = &lt;Meta.tests.test_environment.TestGraderQuality object at 0x000002480751C6E0&gt;

    def test_data_hard_outlier_credit(self):
        e = MetaEnvironment()
        e.reset()
        obs = e.step(make_action("data_cleaning_hard", CORRECT_PAYLOADS["data_cleaning_hard"]))
&gt;       assert obs.partial_credits.get("outliers_correct") is True
E       assert False is True
E        +  where False = &lt;built-in method get of dict object at 0x000002480794EA00&gt;('outliers_correct')
E        +    where &lt;built-in method get of dict object at 0x000002480794EA00&gt; = {'imputation_valid': True, 'missing_correct': False, 'outliers_correct': False}.get
E        +      where {'imputation_valid': True, 'missing_correct': False, 'outliers_correct': False} = MetaObservation(done=False, reward=0.165, metadata={'step': 1, 'attempt': 1, 'episode_avg_score': 0.0}, agent='data_cl...orrect']", score=0.33, partial_credits={'outliers_correct': False, 'missing_correct': False, 'imputation_valid': True}).partial_credits

tests\test_environment.py:691: AssertionError</failure></testcase><testcase classname="tests.test_environment.TestGraderQuality" name="test_cross_agent_code_email_partial" time="0.001" /><testcase classname="tests.test_environment.TestEpisodeTracking" name="test_step_count_increments" time="0.001" /><testcase classname="tests.test_environment.TestEpisodeTracking" name="test_episode_scores_cleared_on_reset" time="0.001"><failure message="assert 0 == 1&#10; +  where 0 = len([])&#10; +    where [] = &lt;server.Meta_environment.MetaEnvironment object at 0x000002480755D450&gt;._episode_scores">self = &lt;Meta.tests.test_environment.TestEpisodeTracking object at 0x00000248074AE850&gt;

    def test_episode_scores_cleared_on_reset(self):
        e = MetaEnvironment()
        e.reset()
        e.step(make_action("email_triage_easy", {"classification": "spam"}))
&gt;       assert len(e._episode_scores) == 1
E       assert 0 == 1
E        +  where 0 = len([])
E        +    where [] = &lt;server.Meta_environment.MetaEnvironment object at 0x000002480755D450&gt;._episode_scores

tests\test_environment.py:721: AssertionError</failure></testcase><testcase classname="tests.test_environment.TestEpisodeTracking" name="test_attempt_tracking" time="0.001" /></testsuite></testsuites>